2024-07-03 08:27:51,750 [Worker-7: Loading available Gradle versions] INFO  o.e.b.c.i.u.g.PublishedGradleVersions - Gradle version information cache is out-of-date. Trying to update.
2024-07-03 11:27:13,169 [Worker-0: Loading available Gradle versions] INFO  o.e.b.c.i.u.g.PublishedGradleVersions - Gradle version information cache is up-to-date. Trying to read.
2024-07-03 17:04:32,547 [Worker-23: Loading available Gradle versions] INFO  o.e.b.c.i.u.g.PublishedGradleVersions - Gradle version information cache is up-to-date. Trying to read.
2024-07-04 07:04:49,665 [Worker-3: Loading available Gradle versions] INFO  o.e.b.c.i.u.g.PublishedGradleVersions - Gradle version information cache is up-to-date. Trying to read.
2024-07-04 12:58:03,887 [Worker-6: Loading available Gradle versions] INFO  o.e.b.c.i.u.g.PublishedGradleVersions - Gradle version information cache is out-of-date. Trying to update.
2024-07-04 20:14:04,577 [Worker-5: Loading available Gradle versions] INFO  o.e.b.c.i.u.g.PublishedGradleVersions - Gradle version information cache is up-to-date. Trying to read.
2024-07-05 13:08:58,778 [Worker-2: Loading available Gradle versions] INFO  o.e.b.c.i.u.g.PublishedGradleVersions - Gradle version information cache is out-of-date. Trying to update.
2024-07-06 21:14:24,277 [Worker-3: Loading available Gradle versions] INFO  o.e.b.c.i.u.g.PublishedGradleVersions - Gradle version information cache is out-of-date. Trying to update.
2024-07-06 21:14:31,701 [Worker-3: Loading available Gradle versions] INFO  o.e.b.c.i.u.g.PublishedGradleVersions - Updating Gradle version information cache failed. Using outdated cache.
2024-07-07 06:49:25,758 [Worker-2: Loading available Gradle versions] INFO  o.e.b.c.i.u.g.PublishedGradleVersions - Gradle version information cache is out-of-date. Trying to update.
2024-07-07 06:49:27,476 [Worker-2: Loading available Gradle versions] INFO  o.e.b.c.i.u.g.PublishedGradleVersions - Updating Gradle version information cache failed. Using outdated cache.
2024-07-07 14:37:43,363 [Worker-2: Loading available Gradle versions] INFO  o.e.b.c.i.u.g.PublishedGradleVersions - Gradle version information cache is up-to-date. Trying to read.
2024-07-07 20:24:56,718 [Worker-7: Loading available Gradle versions] INFO  o.e.b.c.i.u.g.PublishedGradleVersions - Gradle version information cache is up-to-date. Trying to read.
2024-07-08 06:46:11,609 [Worker-1: Loading available Gradle versions] INFO  o.e.b.c.i.u.g.PublishedGradleVersions - Gradle version information cache is up-to-date. Trying to read.
2024-07-09 14:30:10,832 [Worker-5: Loading available Gradle versions] INFO  o.e.b.c.i.u.g.PublishedGradleVersions - Gradle version information cache is out-of-date. Trying to update.
2024-07-09 14:30:13,858 [Worker-5: Loading available Gradle versions] INFO  o.e.b.c.i.u.g.PublishedGradleVersions - Updating Gradle version information cache failed. Using outdated cache.
2024-07-09 20:59:47,731 [Worker-1: Loading available Gradle versions] INFO  o.e.b.c.i.u.g.PublishedGradleVersions - Gradle version information cache is out-of-date. Trying to update.
2024-07-09 20:59:49,587 [Worker-1: Loading available Gradle versions] INFO  o.e.b.c.i.u.g.PublishedGradleVersions - Updating Gradle version information cache failed. Using outdated cache.
2024-07-12 21:11:27,244 [Worker-2: Loading available Gradle versions] INFO  o.e.b.c.i.u.g.PublishedGradleVersions - Gradle version information cache is up-to-date. Trying to read.
2024-07-13 09:55:03,562 [Worker-2: Loading available Gradle versions] INFO  o.e.b.c.i.u.g.PublishedGradleVersions - Gradle version information cache is up-to-date. Trying to read.
2024-07-13 11:29:35,459 [Worker-60: https://download.eclipse.org/jetty/updates/jetty-wtp/1.0.0.201107261636/content.jar] INFO  o.a.h.c.h.i.c.HttpRequestRetryExec - Recoverable I/O exception (java.net.SocketException) caught when processing request to {s}->https://download.eclipse.org:443
2024-07-13 15:29:22,350 [Worker-20: Loading available Gradle versions] INFO  o.e.b.c.i.u.g.PublishedGradleVersions - Gradle version information cache is up-to-date. Trying to read.
2024-07-14 12:46:56,696 [Worker-1: Loading available Gradle versions] INFO  o.e.b.c.i.u.g.PublishedGradleVersions - Gradle version information cache is out-of-date. Trying to update.
2024-07-14 13:18:20,862 [Worker-6: Loading available Gradle versions] INFO  o.e.b.c.i.u.g.PublishedGradleVersions - Gradle version information cache is up-to-date. Trying to read.
2024-07-14 13:23:28,365 [Worker-0: Loading available Gradle versions] INFO  o.e.b.c.i.u.g.PublishedGradleVersions - Gradle version information cache is up-to-date. Trying to read.
2024-07-14 13:37:11,099 [main] INFO  org.hibernate.cfg.Environment - Hibernate 3.5.6-Final
2024-07-14 13:37:11,114 [main] INFO  org.hibernate.cfg.Environment - hibernate.properties not found
2024-07-14 13:37:11,118 [main] INFO  org.hibernate.cfg.Environment - Bytecode provider name : javassist
2024-07-14 13:37:11,124 [main] INFO  org.hibernate.cfg.Environment - using JDK 1.4 java.sql.Timestamp handling
2024-07-14 13:39:55,111 [main] INFO  org.hibernate.cfg.Configuration - configuring from XML document
2024-07-14 13:39:55,113 [main] INFO  org.hibernate.cfg.Configuration - Configured SessionFactory: null
2024-07-14 13:40:05,099 [main] INFO  o.hibernate.cfg.annotations.Version - Hibernate Annotations 3.5.6-Final
2024-07-14 13:40:05,124 [main] INFO  org.hibernate.cfg.Configuration - configuring from XML document
2024-07-14 13:40:05,124 [main] INFO  org.hibernate.cfg.Configuration - Configured SessionFactory: null
2024-07-14 13:40:05,160 [main] INFO  o.h.cfg.AnnotationConfiguration - Hibernate Validator not found: ignoring
2024-07-14 13:40:08,947 [main] INFO  org.hibernate.cfg.Configuration - configuring from XML document
2024-07-14 13:40:08,947 [main] INFO  org.hibernate.cfg.Configuration - Configured SessionFactory: null
2024-07-14 13:40:08,949 [main] INFO  o.h.cfg.AnnotationConfiguration - Hibernate Validator not found: ignoring
2024-07-14 13:40:16,116 [main] INFO  org.hibernate.cfg.Configuration - configuring from XML document
2024-07-14 13:40:16,116 [main] INFO  org.hibernate.cfg.Configuration - Configured SessionFactory: null
2024-07-14 13:40:16,117 [main] INFO  o.h.cfg.AnnotationConfiguration - Hibernate Validator not found: ignoring
2024-07-14 13:40:17,707 [main] INFO  org.hibernate.cfg.Configuration - configuring from XML document
2024-07-14 13:40:17,707 [main] INFO  org.hibernate.cfg.Configuration - Configured SessionFactory: null
2024-07-14 13:40:17,708 [main] INFO  o.h.cfg.AnnotationConfiguration - Hibernate Validator not found: ignoring
2024-07-14 17:18:27,419 [Worker-7: Loading available Gradle versions] INFO  o.e.b.c.i.u.g.PublishedGradleVersions - Gradle version information cache is up-to-date. Trying to read.
